# JRE version: OpenJDK Runtime Environment Temurin-21.0.11+10 (21.0.11+10) (build 21.0.11+10-LTS)
# Java VM: OpenJDK 64-Bit Server VM Temurin-21.0.11+10 (21.0.11+10-LTS, mixed mode, sharing, tiered, compressed oops, compressed class ptrs, parallel gc, windows-amd64)
GC Precious Log:
 CardTable entry size: 512
 CPUs: 4 total, 4 available
 Memory: 4001M
 Large Page Support: Disabled
 NUMA Support: Disabled
 Compressed Oops: Enabled (32-bit)
 Alignments: Space 512K, Generation 512K, Heap 2M
 Heap Min Capacity: 100M
 Heap Initial Capacity: 100M
 Heap Max Capacity: 2G
 Pre-touch: Disabled
 Parallel Workers: 4
Heap:
 PSYoungGen      total 6656K, used 2161K [0x00000000d5580000, 0x00000000d6100000, 0x0000000100000000)
  eden space 6144K, 30% used [0x00000000d5580000,0x00000000d57585a0,0x00000000d5b80000)
  from space 512K, 53% used [0x00000000d6080000,0x00000000d60c4010,0x00000000d6100000)
  to   space 512K, 0% used [0x00000000d6000000,0x00000000d6000000,0x00000000d6080000)
 ParOldGen       total 907264K, used 622694K [0x0000000080000000, 0x00000000b7600000, 0x00000000d5580000)
  object space 907264K, 68% used [0x0000000080000000,0x00000000a6019a28,0x00000000b7600000)
 Metaspace       used 93257K, committed 95232K, reserved 1179648K
  class space    used 9680K, committed 10496K, reserved 1048576K
GC Heap History (20 events):
Event: 884.288 GC heap before
{Heap before GC invocations=1803 (full 4):
 PSYoungGen      total 3072K, used 2570K [0x00000000d5580000, 0x00000000d5a80000, 0x0000000100000000)
  eden space 1536K, 100% used [0x00000000d5580000,0x00000000d5700000,0x00000000d5700000)
  from space 1536K, 67% used [0x00000000d5900000,0x00000000d5a02b90,0x00000000d5a80000)
  to   space 1536K, 0% used [0x00000000d5780000,0x00000000d5780000,0x00000000d5900000)
 ParOldGen       total 907264K, used 542302K [0x0000000080000000, 0x00000000b7600000, 0x00000000d5580000)
  object space 907264K, 59% used [0x0000000080000000,0x00000000a11979b8,0x00000000b7600000)
 Metaspace       used 93100K, committed 95040K, reserved 1179648K
  class space    used 9670K, committed 10496K, reserved 1048576K
}
Event: 884.302 GC heap after
{Heap after GC invocations=1803 (full 4):
 PSYoungGen      total 3584K, used 1514K [0x00000000d5580000, 0x00000000d5e80000, 0x0000000100000000)
  eden space 2048K, 0% used [0x00000000d5580000,0x00000000d5580000,0x00000000d5780000)
  from space 1536K, 98% used [0x00000000d5780000,0x00000000d58fab90,0x00000000d5900000)
  to   space 3584K, 0% used [0x00000000d5b00000,0x00000000d5b00000,0x00000000d5e80000)
 ParOldGen       total 907264K, used 543732K [0x0000000080000000, 0x00000000b7600000, 0x00000000d5580000)
  object space 907264K, 59% used [0x0000000080000000,0x00000000a12fd0d8,0x00000000b7600000)
 Metaspace       used 93100K, committed 95040K, reserved 1179648K
  class space    used 9670K, committed 10496K, reserved 1048576K
}
Event: 884.316 GC heap before
{Heap before GC invocations=1804 (full 4):
 PSYoungGen      total 3584K, used 3562K [0x00000000d5580000, 0x00000000d5e80000, 0x0000000100000000)
  eden space 2048K, 99% used [0x00000000d5580000,0x00000000d577ffb0,0x00000000d5780000)
  from space 1536K, 98% used [0x00000000d5780000,0x00000000d58fab90,0x00000000d5900000)
  to   space 3584K, 0% used [0x00000000d5b00000,0x00000000d5b00000,0x00000000d5e80000)
 ParOldGen       total 907264K, used 543732K [0x0000000080000000, 0x00000000b7600000, 0x00000000d5580000)
  object space 907264K, 59% used [0x0000000080000000,0x00000000a12fd0d8,0x00000000b7600000)
 Metaspace       used 93100K, committed 95040K, reserved 1179648K
  class space    used 9670K, committed 10496K, reserved 1048576K
}
Event: 884.344 GC heap after
{Heap after GC invocations=1804 (full 4):
 PSYoungGen      total 5120K, used 2080K [0x00000000d5580000, 0x00000000d5d80000, 0x0000000100000000)
  eden space 2560K, 0% used [0x00000000d5580000,0x00000000d5580000,0x00000000d5800000)
  from space 2560K, 81% used [0x00000000d5b00000,0x00000000d5d08000,0x00000000d5d80000)
  to   space 2560K, 0% used [0x00000000d5880000,0x00000000d5880000,0x00000000d5b00000)
 ParOldGen       total 907264K, used 545239K [0x0000000080000000, 0x00000000b7600000, 0x00000000d5580000)
  object space 907264K, 60% used [0x0000000080000000,0x00000000a1475c68,0x00000000b7600000)
 Metaspace       used 93100K, committed 95040K, reserved 1179648K
  class space    used 9670K, committed 10496K, reserved 1048576K
}
Event: 884.363 GC heap before
{Heap before GC invocations=1805 (full 4):
 PSYoungGen      total 5120K, used 4640K [0x00000000d5580000, 0x00000000d5d80000, 0x0000000100000000)
  eden space 2560K, 100% used [0x00000000d5580000,0x00000000d5800000,0x00000000d5800000)
  from space 2560K, 81% used [0x00000000d5b00000,0x00000000d5d08000,0x00000000d5d80000)
  to   space 2560K, 0% used [0x00000000d5880000,0x00000000d5880000,0x00000000d5b00000)
 ParOldGen       total 907264K, used 545239K [0x0000000080000000, 0x00000000b7600000, 0x00000000d5580000)
  object space 907264K, 60% used [0x0000000080000000,0x00000000a1475c68,0x00000000b7600000)
 Metaspace       used 93100K, committed 95040K, reserved 1179648K
  class space    used 9670K, committed 10496K, reserved 1048576K
}
Event: 884.387 GC heap after
{Heap after GC invocations=1805 (full 4):
 PSYoungGen      total 5632K, used 2560K [0x00000000d5580000, 0x00000000d6280000, 0x0000000100000000)
  eden space 3072K, 0% used [0x00000000d5580000,0x00000000d5580000,0x00000000d5880000)
  from space 2560K, 100% used [0x00000000d5880000,0x00000000d5b00000,0x00000000d5b00000)
  to   space 5120K, 0% used [0x00000000d5d80000,0x00000000d5d80000,0x00000000d6280000)
 ParOldGen       total 907264K, used 547295K [0x0000000080000000, 0x00000000b7600000, 0x00000000d5580000)
  object space 907264K, 60% used [0x0000000080000000,0x00000000a1677c68,0x00000000b7600000)
 Metaspace       used 93100K, committed 95040K, reserved 1179648K
  class space    used 9670K, committed 10496K, reserved 1048576K
}
Event: 884.416 GC heap before
{Heap before GC invocations=1806 (full 4):
 PSYoungGen      total 5632K, used 5605K [0x00000000d5580000, 0x00000000d6280000, 0x0000000100000000)
  eden space 3072K, 99% used [0x00000000d5580000,0x00000000d5879760,0x00000000d5880000)
  from space 2560K, 100% used [0x00000000d5880000,0x00000000d5b00000,0x00000000d5b00000)
  to   space 5120K, 0% used [0x00000000d5d80000,0x00000000d5d80000,0x00000000d6280000)
 ParOldGen       total 907264K, used 547295K [0x0000000080000000, 0x00000000b7600000, 0x00000000d5580000)
  object space 907264K, 60% used [0x0000000080000000,0x00000000a1677c68,0x00000000b7600000)
 Metaspace       used 93100K, committed 95040K, reserved 1179648K
  class space    used 9670K, committed 10496K, reserved 1048576K
}
Event: 884.445 GC heap after
{Heap after GC invocations=1806 (full 4):
 PSYoungGen      total 7168K, used 2997K [0x00000000d5580000, 0x00000000d6080000, 0x0000000100000000)
  eden space 4096K, 0% used [0x00000000d5580000,0x00000000d5580000,0x00000000d5980000)
  from space 3072K, 97% used [0x00000000d5d80000,0x00000000d606d400,0x00000000d6080000)
  to   space 3584K, 0% used [0x00000000d5980000,0x00000000d5980000,0x00000000d5d00000)
 ParOldGen       total 907264K, used 549855K [0x0000000080000000, 0x00000000b7600000, 0x00000000d5580000)
  object space 907264K, 60% used [0x0000000080000000,0x00000000a18f7c68,0x00000000b7600000)
 Metaspace       used 93100K, committed 95040K, reserved 1179648K
  class space    used 9670K, committed 10496K, reserved 1048576K
}
Event: 884.670 GC heap before
{Heap before GC invocations=1807 (full 4):
 PSYoungGen      total 7168K, used 7093K [0x00000000d5580000, 0x00000000d6080000, 0x0000000100000000)
  eden space 4096K, 100% used [0x00000000d5580000,0x00000000d5980000,0x00000000d5980000)
  from space 3072K, 97% used [0x00000000d5d80000,0x00000000d606d400,0x00000000d6080000)
  to   space 3584K, 0% used [0x00000000d5980000,0x00000000d5980000,0x00000000d5d00000)
 ParOldGen       total 907264K, used 549855K [0x0000000080000000, 0x00000000b7600000, 0x00000000d5580000)
  object space 907264K, 60% used [0x0000000080000000,0x00000000a18f7c68,0x00000000b7600000)
 Metaspace       used 93100K, committed 95040K, reserved 1179648K
  class space    used 9670K, committed 10496K, reserved 1048576K
}
Event: 884.697 GC heap after
{Heap after GC invocations=1807 (full 4):
 PSYoungGen      total 7680K, used 2752K [0x00000000d5580000, 0x00000000d6080000, 0x0000000100000000)
  eden space 4096K, 0% used [0x00000000d5580000,0x00000000d5580000,0x00000000d5980000)
  from space 3584K, 76% used [0x00000000d5980000,0x00000000d5c30000,0x00000000d5d00000)
  to   space 3072K, 0% used [0x00000000d5d80000,0x00000000d5d80000,0x00000000d6080000)
 ParOldGen       total 907264K, used 552791K [0x0000000080000000, 0x00000000b7600000, 0x00000000d5580000)
  object space 907264K, 60% used [0x0000000080000000,0x00000000a1bd5c68,0x00000000b7600000)
 Metaspace       used 93100K, committed 95040K, reserved 1179648K
  class space    used 9670K, committed 10496K, reserved 1048576K
}
Event: 887.420 GC heap before
{Heap before GC invocations=1808 (full 4):
 PSYoungGen      total 7680K, used 6666K [0x00000000d5580000, 0x00000000d6080000, 0x0000000100000000)
  eden space 4096K, 95% used [0x00000000d5580000,0x00000000d5952ae0,0x00000000d5980000)
  from space 3584K, 76% used [0x00000000d5980000,0x00000000d5c30000,0x00000000d5d00000)
  to   space 3072K, 0% used [0x00000000d5d80000,0x00000000d5d80000,0x00000000d6080000)
 ParOldGen       total 907264K, used 552791K [0x0000000080000000, 0x00000000b7600000, 0x00000000d5580000)
  object space 907264K, 60% used [0x0000000080000000,0x00000000a1bd5c68,0x00000000b7600000)
 Metaspace       used 93136K, committed 95040K, reserved 1179648K
  class space    used 9678K, committed 10496K, reserved 1048576K
}
Event: 887.443 GC heap after
{Heap after GC invocations=1808 (full 4):
 PSYoungGen      total 7168K, used 1944K [0x00000000d5580000, 0x00000000d5f80000, 0x0000000100000000)
  eden space 5120K, 0% used [0x00000000d5580000,0x00000000d5580000,0x00000000d5a80000)
  from space 2048K, 94% used [0x00000000d5d80000,0x00000000d5f66278,0x00000000d5f80000)
  to   space 2560K, 0% used [0x00000000d5a80000,0x00000000d5a80000,0x00000000d5d00000)
 ParOldGen       total 907264K, used 555471K [0x0000000080000000, 0x00000000b7600000, 0x00000000d5580000)
  object space 907264K, 61% used [0x0000000080000000,0x00000000a1e73c68,0x00000000b7600000)
 Metaspace       used 93136K, committed 95040K, reserved 1179648K
  class space    used 9678K, committed 10496K, reserved 1048576K
}
Event: 897.054 GC heap before
{Heap before GC invocations=1809 (full 4):
 PSYoungGen      total 7168K, used 7064K [0x00000000d5580000, 0x00000000d5f80000, 0x0000000100000000)
  eden space 5120K, 100% used [0x00000000d5580000,0x00000000d5a80000,0x00000000d5a80000)
  from space 2048K, 94% used [0x00000000d5d80000,0x00000000d5f66278,0x00000000d5f80000)
  to   space 2560K, 0% used [0x00000000d5a80000,0x00000000d5a80000,0x00000000d5d00000)
 ParOldGen       total 907264K, used 555471K [0x0000000080000000, 0x00000000b7600000, 0x00000000d5580000)
  object space 907264K, 61% used [0x0000000080000000,0x00000000a1e73c68,0x00000000b7600000)
 Metaspace       used 93141K, committed 95040K, reserved 1179648K
  class space    used 9678K, committed 10496K, reserved 1048576K
}
Event: 897.071 GC heap after
{Heap after GC invocations=1809 (full 4):
 PSYoungGen      total 7680K, used 2557K [0x00000000d5580000, 0x00000000d6680000, 0x0000000100000000)
  eden space 5120K, 0% used [0x00000000d5580000,0x00000000d5580000,0x00000000d5a80000)
  from space 2560K, 99% used [0x00000000d5a80000,0x00000000d5cff798,0x00000000d5d00000)
  to   space 5632K, 0% used [0x00000000d6100000,0x00000000d6100000,0x00000000d6680000)
 ParOldGen       total 907264K, used 557995K [0x0000000080000000, 0x00000000b7600000, 0x00000000d5580000)
  object space 907264K, 61% used [0x0000000080000000,0x00000000a20ead70,0x00000000b7600000)
 Metaspace       used 93141K, committed 95040K, reserved 1179648K
  class space    used 9678K, committed 10496K, reserved 1048576K
}
Event: 897.196 GC heap before
{Heap before GC invocations=1810 (full 4):
 PSYoungGen      total 7680K, used 7677K [0x00000000d5580000, 0x00000000d6680000, 0x0000000100000000)
  eden space 5120K, 100% used [0x00000000d5580000,0x00000000d5a80000,0x00000000d5a80000)
  from space 2560K, 99% used [0x00000000d5a80000,0x00000000d5cff798,0x00000000d5d00000)
  to   space 5632K, 0% used [0x00000000d6100000,0x00000000d6100000,0x00000000d6680000)
 ParOldGen       total 907264K, used 557995K [0x0000000080000000, 0x00000000b7600000, 0x00000000d5580000)
  object space 907264K, 61% used [0x0000000080000000,0x00000000a20ead70,0x00000000b7600000)
 Metaspace       used 93145K, committed 95040K, reserved 1179648K
  class space    used 9678K, committed 10496K, reserved 1048576K
}
Event: 897.218 GC heap after
{Heap after GC invocations=1810 (full 4):
 PSYoungGen      total 6656K, used 256K [0x00000000d5580000, 0x00000000d6180000, 0x0000000100000000)
  eden space 6144K, 0% used [0x00000000d5580000,0x00000000d5580000,0x00000000d5b80000)
  from space 512K, 50% used [0x00000000d6100000,0x00000000d6140000,0x00000000d6180000)
  to   space 2048K, 0% used [0x00000000d5d80000,0x00000000d5d80000,0x00000000d5f80000)
 ParOldGen       total 907264K, used 560559K [0x0000000080000000, 0x00000000b7600000, 0x00000000d5580000)
  object space 907264K, 61% used [0x0000000080000000,0x00000000a236bea8,0x00000000b7600000)
 Metaspace       used 93145K, committed 95040K, reserved 1179648K
  class space    used 9678K, committed 10496K, reserved 1048576K
}
Event: 899.147 GC heap before
{Heap before GC invocations=1811 (full 4):
 PSYoungGen      total 6656K, used 6400K [0x00000000d5580000, 0x00000000d6180000, 0x0000000100000000)
  eden space 6144K, 100% used [0x00000000d5580000,0x00000000d5b80000,0x00000000d5b80000)
  from space 512K, 50% used [0x00000000d6100000,0x00000000d6140000,0x00000000d6180000)
  to   space 2048K, 0% used [0x00000000d5d80000,0x00000000d5d80000,0x00000000d5f80000)
 ParOldGen       total 907264K, used 591279K [0x0000000080000000, 0x00000000b7600000, 0x00000000d5580000)
  object space 907264K, 65% used [0x0000000080000000,0x00000000a416bed8,0x00000000b7600000)
 Metaspace       used 93189K, committed 95104K, reserved 1179648K
  class space    used 9678K, committed 10496K, reserved 1048576K
}
Event: 899.155 GC heap after
{Heap after GC invocations=1811 (full 4):
 PSYoungGen      total 8192K, used 608K [0x00000000d5580000, 0x00000000d6180000, 0x0000000100000000)
  eden space 6144K, 0% used [0x00000000d5580000,0x00000000d5580000,0x00000000d5b80000)
  from space 2048K, 29% used [0x00000000d5d80000,0x00000000d5e18000,0x00000000d5f80000)
  to   space 1024K, 0% used [0x00000000d6080000,0x00000000d6080000,0x00000000d6180000)
 ParOldGen       total 907264K, used 591471K [0x0000000080000000, 0x00000000b7600000, 0x00000000d5580000)
  object space 907264K, 65% used [0x0000000080000000,0x00000000a419bed8,0x00000000b7600000)
 Metaspace       used 93189K, committed 95104K, reserved 1179648K
  class space    used 9678K, committed 10496K, reserved 1048576K
}
Event: 1155.827 GC heap before
{Heap before GC invocations=1812 (full 4):
 PSYoungGen      total 8192K, used 6752K [0x00000000d5580000, 0x00000000d6180000, 0x0000000100000000)
  eden space 6144K, 100% used [0x00000000d5580000,0x00000000d5b80000,0x00000000d5b80000)
  from space 2048K, 29% used [0x00000000d5d80000,0x00000000d5e18000,0x00000000d5f80000)
  to   space 1024K, 0% used [0x00000000d6080000,0x00000000d6080000,0x00000000d6180000)
 ParOldGen       total 907264K, used 622191K [0x0000000080000000, 0x00000000b7600000, 0x00000000d5580000)
  object space 907264K, 68% used [0x0000000080000000,0x00000000a5f9bf08,0x00000000b7600000)
 Metaspace       used 93232K, committed 95168K, reserved 1179648K
  class space    used 9680K, committed 10496K, reserved 1048576K
}
Event: 1156.227 GC heap after
{Heap after GC invocations=1812 (full 4):
 PSYoungGen      total 6656K, used 272K [0x00000000d5580000, 0x00000000d6100000, 0x0000000100000000)
  eden space 6144K, 0% used [0x00000000d5580000,0x00000000d5580000,0x00000000d5b80000)
  from space 512K, 53% used [0x00000000d6080000,0x00000000d60c4010,0x00000000d6100000)
  to   space 512K, 0% used [0x00000000d6000000,0x00000000d6000000,0x00000000d6080000)
 ParOldGen       total 907264K, used 622694K [0x0000000080000000, 0x00000000b7600000, 0x00000000d5580000)
  object space 907264K, 68% used [0x0000000080000000,0x00000000a6019a28,0x00000000b7600000)
 Metaspace       used 93232K, committed 95168K, reserved 1179648K
  class space    used 9680K, committed 10496K, reserved 1048576K
}

